<?xml version="1.0" encoding="UTF-8"?>
<testsuite xmlns:xsi="http://www.w3.org/2001/XMLSchema-instance" xsi:noNamespaceSchemaLocation="https://maven.apache.org/surefire/maven-surefire-plugin/xsd/surefire-test-report.xsd" version="3.0.2" name="com.company.camel.ThreadBlockingDemoTest" time="3.487" tests="2" errors="0" skipped="0" failures="0">
  <properties>
[...]
</properties>
  <testcase name="demonstrateHighVolumeScenario" classname="com.company.camel.ThreadBlockingDemoTest" time="2.534">
    <system-out><![CDATA[
  .   ____          _            __ _ _
 /\\ / ___'_ __ _ _(_)_ __  __ _ \ \ \ \
( ( )\___ | '_ | '_| | '_ \/ _` | \ \ \ \
 \\/  ___)| |_)| | | | | || (_| |  ) ) ) )
  '  |____| .__|_| |_|_| |_\__, | / / / /
 =========|_|==============|___/=/_/_/_/

 :: Spring Boot ::                (v3.4.2)

2025-08-12 08:37:47 [main] WARN  [] o.s.b.t.j.DuplicateJsonObjectContextCustomizerFactory$DuplicateJsonObjectContextCustomizer - 

Found multiple occurrences of org.json.JSONObject on the class path:

	jar:file:/home/seshu/.m2/repository/org/json/json/20230618/json-20230618.jar!/org/json/JSONObject.class
	jar:file:/home/seshu/.m2/repository/com/vaadin/external/google/android-json/0.0.20131108.vaadin1/android-json-0.0.20131108.vaadin1.jar!/org/json/JSONObject.class

You may wish to exclude one of them to ensure predictable runtime behavior

2025-08-12 08:37:47 [main] INFO  [] c.c.camel.ThreadBlockingDemoTest - Starting ThreadBlockingDemoTest using Java 21.0.8 with PID 16052 (started by seshu in /home/seshu/Documents/Java/camel-mq-processor)
2025-08-12 08:37:47 [main] INFO  [] c.c.camel.ThreadBlockingDemoTest - The following 1 profile is active: "test"
2025-08-12 08:37:47 [main] INFO  [] c.c.c.m.PartnerThreadPoolManager - 🚀 PartnerThreadPoolManager initialized - Ready to isolate those threads!
2025-08-12 08:37:47 [main] INFO  [] c.c.c.m.PartnerCircuitBreakerManager - 🔥 PartnerCircuitBreakerManager initialized - Ready to break some circuits!
2025-08-12 08:37:47 [main] INFO  [] c.c.camel.ThreadBlockingDemoTest - Started ThreadBlockingDemoTest in 0.479 seconds (process running for 1.146)
2025-08-12 08:37:48 [main] INFO  [] c.c.camel.ThreadBlockingDemoTest - 🚀 DEMONSTRATING HIGH-VOLUME SCENARIO
2025-08-12 08:37:48 [main] INFO  [] c.c.camel.ThreadBlockingDemoTest - 📊 Simulating 100 million messages per day across 200 partners
2025-08-12 08:37:48 [main] INFO  [] c.c.c.m.PartnerThreadPoolManager - 🎯 Creating new thread pool for partner: AMAZON
2025-08-12 08:37:48 [main] INFO  [] c.c.c.m.PartnerThreadPoolManager - ✅ Thread pool created for partner: AMAZON with core=5, max=20, queue=1000
2025-08-12 08:37:48 [main] INFO  [] c.c.c.m.PartnerThreadPoolManager - 🎯 Creating new thread pool for partner: FLIPKART
2025-08-12 08:37:48 [main] INFO  [] c.c.c.m.PartnerThreadPoolManager - ✅ Thread pool created for partner: FLIPKART with core=5, max=20, queue=1000
2025-08-12 08:37:48 [main] INFO  [] c.c.c.m.PartnerThreadPoolManager - 🎯 Creating new thread pool for partner: MYNTRA
2025-08-12 08:37:48 [main] INFO  [] c.c.c.m.PartnerThreadPoolManager - ✅ Thread pool created for partner: MYNTRA with core=5, max=20, queue=1000
2025-08-12 08:37:48 [main] INFO  [] c.c.c.m.PartnerThreadPoolManager - 🎯 Creating new thread pool for partner: MEESHO
2025-08-12 08:37:48 [main] INFO  [] c.c.c.m.PartnerThreadPoolManager - ✅ Thread pool created for partner: MEESHO with core=5, max=20, queue=1000
2025-08-12 08:37:48 [main] INFO  [] c.c.c.m.PartnerThreadPoolManager - 🎯 Creating new thread pool for partner: SHOPCLUES
2025-08-12 08:37:48 [main] INFO  [] c.c.c.m.PartnerThreadPoolManager - ✅ Thread pool created for partner: SHOPCLUES with core=5, max=20, queue=1000
2025-08-12 08:37:50 [main] INFO  [] c.c.camel.ThreadBlockingDemoTest - 📊 HIGH-VOLUME PROCESSING RESULTS:
2025-08-12 08:37:50 [main] INFO  [] c.c.camel.ThreadBlockingDemoTest - ✅ Total messages processed: 1000
2025-08-12 08:37:50 [main] INFO  [] c.c.camel.ThreadBlockingDemoTest - ⏱️  Total time: 2018ms
2025-08-12 08:37:50 [main] INFO  [] c.c.camel.ThreadBlockingDemoTest - 🚀 Throughput: 495.5401387512388 messages/second
2025-08-12 08:37:50 [main] INFO  [] c.c.camel.ThreadBlockingDemoTest - 🎯 All completed within timeout: true
2025-08-12 08:37:50 [main] INFO  [] c.c.camel.ThreadBlockingDemoTest - 📈 AMAZON - Completed: 200, Active: 0, Queue: 0
2025-08-12 08:37:50 [main] INFO  [] c.c.camel.ThreadBlockingDemoTest - 📈 FLIPKART - Completed: 200, Active: 0, Queue: 0
2025-08-12 08:37:50 [main] INFO  [] c.c.camel.ThreadBlockingDemoTest - 📈 MYNTRA - Completed: 200, Active: 0, Queue: 0
2025-08-12 08:37:50 [main] INFO  [] c.c.camel.ThreadBlockingDemoTest - 📈 MEESHO - Completed: 200, Active: 0, Queue: 0
2025-08-12 08:37:50 [main] INFO  [] c.c.camel.ThreadBlockingDemoTest - 📈 SHOPCLUES - Completed: 200, Active: 0, Queue: 0
2025-08-12 08:37:50 [main] INFO  [] c.c.camel.ThreadBlockingDemoTest - 🎉 THREAD ISOLATION HANDLES HIGH VOLUME PERFECTLY!
]]></system-out>
    <system-err><![CDATA[Mockito is currently self-attaching to enable the inline-mock-maker. This will no longer work in future releases of the JDK. Please add Mockito as an agent to your build what is described in Mockito's documentation: https://javadoc.io/doc/org.mockito/mockito-core/latest/org/mockito/Mockito.html#0.3
WARNING: A Java agent has been loaded dynamically (/home/seshu/.m2/repository/net/bytebuddy/byte-buddy-agent/1.15.11/byte-buddy-agent-1.15.11.jar)
WARNING: If a serviceability tool is in use, please run with -XX:+EnableDynamicAgentLoading to hide this warning
WARNING: If a serviceability tool is not in use, please run with -Djdk.instrument.traceUsage for more information
WARNING: Dynamic loading of agents will be disallowed by default in a future release
]]></system-err>
  </testcase>
  <testcase name="demonstrateNightmareScenario" classname="com.company.camel.ThreadBlockingDemoTest" time="0.216">
    <system-out><![CDATA[2025-08-12 08:37:50 [main] INFO  [] c.c.camel.ThreadBlockingDemoTest - 💀 DEMONSTRATING YOUR ORIGINAL NIGHTMARE SCENARIO...
2025-08-12 08:37:50 [main] INFO  [] c.c.camel.ThreadBlockingDemoTest - 🎯 Simulating 200 partners processing messages simultaneously
2025-08-12 08:37:50 [main] INFO  [] c.c.camel.ThreadBlockingDemoTest - 💥 One partner (BADPARTNER) starts failing and hanging...
2025-08-12 08:37:50 [main] INFO  [] c.c.camel.ThreadBlockingDemoTest - 🚀 Starting message processing for all partners...
2025-08-12 08:37:50 [main] INFO  [] c.c.c.m.PartnerThreadPoolManager - 🎯 Creating new thread pool for partner: PARTNER_1
2025-08-12 08:37:50 [main] INFO  [] c.c.c.m.PartnerThreadPoolManager - ✅ Thread pool created for partner: PARTNER_1 with core=5, max=20, queue=1000
2025-08-12 08:37:50 [main] INFO  [] c.c.c.m.PartnerThreadPoolManager - 🎯 Creating new thread pool for partner: PARTNER_2
2025-08-12 08:37:50 [main] INFO  [] c.c.c.m.PartnerThreadPoolManager - ✅ Thread pool created for partner: PARTNER_2 with core=5, max=20, queue=1000
2025-08-12 08:37:50 [main] INFO  [] c.c.c.m.PartnerThreadPoolManager - 🎯 Creating new thread pool for partner: PARTNER_3
2025-08-12 08:37:50 [main] INFO  [] c.c.c.m.PartnerThreadPoolManager - ✅ Thread pool created for partner: PARTNER_3 with core=5, max=20, queue=1000
2025-08-12 08:37:50 [main] INFO  [] c.c.c.m.PartnerThreadPoolManager - 🎯 Creating new thread pool for partner: PARTNER_4
2025-08-12 08:37:50 [main] INFO  [] c.c.c.m.PartnerThreadPoolManager - ✅ Thread pool created for partner: PARTNER_4 with core=5, max=20, queue=1000
2025-08-12 08:37:50 [main] INFO  [] c.c.c.m.PartnerThreadPoolManager - 🎯 Creating new thread pool for partner: PARTNER_5
2025-08-12 08:37:50 [main] INFO  [] c.c.c.m.PartnerThreadPoolManager - ✅ Thread pool created for partner: PARTNER_5 with core=5, max=20, queue=1000
2025-08-12 08:37:50 [main] INFO  [] c.c.c.m.PartnerThreadPoolManager - 🎯 Creating new thread pool for partner: PARTNER_6
2025-08-12 08:37:50 [main] INFO  [] c.c.c.m.PartnerThreadPoolManager - ✅ Thread pool created for partner: PARTNER_6 with core=5, max=20, queue=1000
2025-08-12 08:37:50 [main] INFO  [] c.c.c.m.PartnerThreadPoolManager - 🎯 Creating new thread pool for partner: PARTNER_7
2025-08-12 08:37:50 [main] INFO  [] c.c.c.m.PartnerThreadPoolManager - ✅ Thread pool created for partner: PARTNER_7 with core=5, max=20, queue=1000
2025-08-12 08:37:50 [main] INFO  [] c.c.c.m.PartnerThreadPoolManager - 🎯 Creating new thread pool for partner: PARTNER_8
2025-08-12 08:37:50 [main] INFO  [] c.c.c.m.PartnerThreadPoolManager - ✅ Thread pool created for partner: PARTNER_8 with core=5, max=20, queue=1000
2025-08-12 08:37:50 [main] INFO  [] c.c.c.m.PartnerThreadPoolManager - 🎯 Creating new thread pool for partner: PARTNER_9
2025-08-12 08:37:50 [main] INFO  [] c.c.c.m.PartnerThreadPoolManager - ✅ Thread pool created for partner: PARTNER_9 with core=5, max=20, queue=1000
2025-08-12 08:37:50 [main] INFO  [] c.c.c.m.PartnerThreadPoolManager - 🎯 Creating new thread pool for partner: PARTNER_10
2025-08-12 08:37:50 [main] INFO  [] c.c.c.m.PartnerThreadPoolManager - ✅ Thread pool created for partner: PARTNER_10 with core=5, max=20, queue=1000
2025-08-12 08:37:50 [main] WARN  [] c.c.camel.ThreadBlockingDemoTest - 💀 Starting the BAD PARTNER that hangs and fails...
2025-08-12 08:37:50 [main] INFO  [] c.c.c.m.PartnerThreadPoolManager - 🎯 Creating new thread pool for partner: BADPARTNER
2025-08-12 08:37:50 [main] INFO  [] c.c.c.m.PartnerThreadPoolManager - ✅ Thread pool created for partner: BADPARTNER with core=5, max=20, queue=1000
2025-08-12 08:37:50 [Partner-BADPARTNER-Thread-1] WARN  [] c.c.camel.ThreadBlockingDemoTest - 💀 BADPARTNER processing message 0 on Partner-BADPARTNER-Thread-1 - THIS WILL FAIL!
2025-08-12 08:37:50 [Partner-BADPARTNER-Thread-2] WARN  [] c.c.camel.ThreadBlockingDemoTest - 💀 BADPARTNER processing message 1 on Partner-BADPARTNER-Thread-2 - THIS WILL FAIL!
2025-08-12 08:37:50 [Partner-BADPARTNER-Thread-3] WARN  [] c.c.camel.ThreadBlockingDemoTest - 💀 BADPARTNER processing message 2 on Partner-BADPARTNER-Thread-3 - THIS WILL FAIL!
2025-08-12 08:37:50 [main] INFO  [] c.c.camel.ThreadBlockingDemoTest - 📊 RESULTS OF THE NIGHTMARE SCENARIO:
2025-08-12 08:37:50 [main] INFO  [] c.c.camel.ThreadBlockingDemoTest - ✅ Good partners successfully processed: 50 messages
2025-08-12 08:37:50 [main] INFO  [] c.c.camel.ThreadBlockingDemoTest - 💀 Bad partner: ISOLATED and didn't affect others!
2025-08-12 08:37:50 [main] INFO  [] c.c.camel.ThreadBlockingDemoTest - 📈 PARTNER_1 - Pool: active=0, completed=5, healthy=true
2025-08-12 08:37:50 [main] INFO  [] c.c.camel.ThreadBlockingDemoTest - 📈 PARTNER_2 - Pool: active=0, completed=5, healthy=true
2025-08-12 08:37:50 [main] INFO  [] c.c.camel.ThreadBlockingDemoTest - 📈 PARTNER_3 - Pool: active=0, completed=5, healthy=true
2025-08-12 08:37:50 [main] INFO  [] c.c.camel.ThreadBlockingDemoTest - 📈 PARTNER_4 - Pool: active=0, completed=5, healthy=true
2025-08-12 08:37:50 [main] INFO  [] c.c.camel.ThreadBlockingDemoTest - 📈 PARTNER_5 - Pool: active=0, completed=5, healthy=true
2025-08-12 08:37:50 [main] INFO  [] c.c.camel.ThreadBlockingDemoTest - 📈 PARTNER_6 - Pool: active=0, completed=5, healthy=true
2025-08-12 08:37:50 [main] INFO  [] c.c.camel.ThreadBlockingDemoTest - 📈 PARTNER_7 - Pool: active=0, completed=5, healthy=true
2025-08-12 08:37:50 [main] INFO  [] c.c.camel.ThreadBlockingDemoTest - 📈 PARTNER_8 - Pool: active=0, completed=5, healthy=true
2025-08-12 08:37:50 [main] INFO  [] c.c.camel.ThreadBlockingDemoTest - 📈 PARTNER_9 - Pool: active=0, completed=5, healthy=true
2025-08-12 08:37:50 [main] INFO  [] c.c.camel.ThreadBlockingDemoTest - 📈 PARTNER_10 - Pool: active=0, completed=5, healthy=true
2025-08-12 08:37:50 [main] INFO  [] c.c.camel.ThreadBlockingDemoTest - ⚡ BADPARTNER Circuit Breaker - State: CLOSED, Failures: 0, Success Rate: 101.0%
2025-08-12 08:37:50 [main] INFO  [] c.c.camel.ThreadBlockingDemoTest - 🎉 SUCCESS! In the old system, ALL partners would be blocked!
2025-08-12 08:37:50 [main] INFO  [] c.c.camel.ThreadBlockingDemoTest - 🚀 In the NEW system, only the bad partner is affected!
2025-08-12 08:37:50 [main] INFO  [] c.c.camel.ThreadBlockingDemoTest - ✅ Thread isolation SAVED THE DAY!
]]></system-out>
  </testcase>
</testsuite>